<?xml version="1.0" encoding="UTF-8"?>
<!-- Generated by org.testng.reporters.JUnitReportReporter -->
<testsuite skipped="0" hostname="38f9d34ef0b3.ant.amazon.com" name="com.fasal.test.ReqresApiTestSuite" tests="6" failures="0" timestamp="17 Mar 2021 13:31:48 GMT" time="7.673" errors="0">
  <testcase name="validateUserDetailsIsUpdatedSuccessfully" time="1.106" classname="com.fasal.test.ReqresApiTestSuite"/>
  <testcase name="validateListOfAllUsersIsFetchedSuccessfully" time="2.330" classname="com.fasal.test.ReqresApiTestSuite"/>
  <testcase name="validateUserCanBeDeletedSuccessfully" time="1.278" classname="com.fasal.test.ReqresApiTestSuite"/>
  <testcase name="validateUserIsCreatedSuccessfully" time="1.053" classname="com.fasal.test.ReqresApiTestSuite"/>
  <testcase name="validateSingleUserDetailsAreFetchedSuccessfully" time="0.746" classname="com.fasal.test.ReqresApiTestSuite"/>
  <testcase name="validateUserRegistrationIsSuccessful" time="1.160" classname="com.fasal.test.ReqresApiTestSuite"/>
</testsuite> <!-- com.fasal.test.ReqresApiTestSuite -->
